INFO:  latexindent.pl version 3.24.2, 2024-06-15, a script to indent .tex files
       latexindent.pl lives here: C:/Users/Me/AppData/Local/Programs/MiKTeX/scripts/latexindent/
       Mon Dec  2 03:52:34 2024
       Filename: d:/_SYNCED/inzynierka/includes/__latexindent_temp_6-faza_implementacji.tex
INFO:  Processing switches:
       -y|--yaml: YAML settings specified via command line
       -c|--cruft: cruft directory
INFO:  Directory for backup files and log file d:\_SYNCED\inzynierka\indent.log:
       d:\_SYNCED\inzynierka\
INFO:  Perl modules are being loaded from the following directories:
       C:/Programs/StrawberryPerl/perl/lib/FindBin.pm
       C:/Programs/StrawberryPerl/perl/vendor/lib/YAML/Tiny.pm
       C:/Programs/StrawberryPerl/perl/lib/File/Copy.pm
       C:/Programs/StrawberryPerl/perl/lib/File/Basename.pm
       C:/Programs/StrawberryPerl/perl/lib/Getopt/Long.pm
       C:/Programs/StrawberryPerl/perl/vendor/lib/File/HomeDir.pm
INFO:  LatexIndent perl modules are being loaded from, for example:
       C:/Users/Me/AppData/Local/Programs/MiKTeX/scripts/latexindent/LatexIndent/Document.pm
INFO:  YAML settings read: defaultSettings.yaml
       Reading defaultSettings.yaml from C:/Users/Me/AppData/Local/Programs/MiKTeX/scripts/latexindent/defaultSettings.yaml
INFO:  YAML reading settings
       Home directory is C:\Users\Me
       latexindent.pl didn't find indentconfig.yaml or .indentconfig.yaml
       see all possible locations: https://latexindentpl.readthedocs.io/en/latest/sec-appendices.html#indentconfig-options)
INFO:  YAML settings read: -y switch
       YAML setting: defaultIndent:'    '
       single-quoted string found in -y switch: '    ', substitute to     
       Updating mainSettings with defaultIndent:     
INFO:  Phase 1: searching for objects
INFO:  Phase 2: finding surrounding indentation
INFO:  Phase 3: indenting objects
INFO:  Phase 4: final indentation check
INFO:  Output routine:
       Not outputting to file; see -w and -o switches for more options.
       --------------
INFO:  Please direct all communication/issues to:
        https://github.com/cmhughes/latexindent.pl
