\BOOKMARK [1][-]{section.0.1}{\376\377\000W\000s\000t\001\031\000p}{}% 1
\BOOKMARK [1][-]{section.0.2}{\376\377\000S\001\102\000o\000w\000n\000i\000k\000\040\000p\000o\000j\001\031\001\007}{}% 2
\BOOKMARK [1][-]{section.0.3}{\376\377\000P\000r\000z\000e\000d\000s\000t\000a\000w\000i\000e\000n\000i\000e\000\040\000p\000r\000o\000b\000l\000e\000m\000u}{}% 3
\BOOKMARK [2][-]{subsection.0.3.1}{\376\377\000K\000o\000n\000t\000e\000k\000s\000t\000\040\000p\000r\000o\000b\000l\000e\000m\000u}{section.0.3}% 4
\BOOKMARK [3][-]{subsubsection.0.3.1.1}{\376\377\000I\000n\000t\000e\000r\000n\000e\000t\000\040\000r\000z\000e\000c\000z\000y}{subsection.0.3.1}% 5
\BOOKMARK [3][-]{subsubsection.0.3.1.2}{\376\377\000Z\000a\000m\000k\000n\000i\001\031\000t\000e\000\040\000o\000p\000r\000o\000g\000r\000a\000m\000o\000w\000a\000n\000i\000e}{subsection.0.3.1}% 6
\BOOKMARK [3][-]{subsubsection.0.3.1.3}{\376\377\000P\000r\000o\000t\000o\000k\000\363\001\102\000\040\000M\000Q\000T\000T}{subsection.0.3.1}% 7
\BOOKMARK [3][-]{subsubsection.0.3.1.4}{\376\377\000P\000r\000z\000y\000k\001\102\000a\000d\000\040\000w\000y\000k\000o\000r\000z\000y\000s\000t\000a\000n\000i\000a}{subsection.0.3.1}% 8
\BOOKMARK [2][-]{subsection.0.3.2}{\376\377\000P\000r\000o\000b\000l\000e\000m}{section.0.3}% 9
\BOOKMARK [1][-]{section.0.4}{\376\377\000F\000a\000z\000a\000\040\000a\000n\000a\000l\000i\000z\000y\000\040\000i\000\040\000p\000l\000a\000n\000o\000w\000a\000n\000i\000a}{}% 10
\BOOKMARK [2][-]{subsection.0.4.1}{\376\377\000K\000o\000n\000c\000e\000p\000c\000j\000a}{section.0.4}% 11
\BOOKMARK [2][-]{subsection.0.4.2}{\376\377\000K\000o\000n\000k\000u\000r\000e\000n\000c\000y\000j\000n\000e\000\040\000r\000o\000z\000w\000i\000a\000z\000a\000n\000i\000a}{section.0.4}% 12
\BOOKMARK [2][-]{subsection.0.4.3}{\376\377\000P\000r\000o\000f\000i\000l\000\040\000u\001\174\000y\000t\000k\000o\000w\000n\000i\000k\000a\000\040\000d\000o\000c\000e\000l\000o\000w\000e\000g\000o}{section.0.4}% 13
\BOOKMARK [2][-]{subsection.0.4.4}{\376\377\000M\000o\000d\000e\000l\000\040\000b\000i\000z\000n\000e\000s\000o\000w\000y}{section.0.4}% 14
\BOOKMARK [2][-]{subsection.0.4.5}{\376\377\000P\000r\000z\000y\000k\001\102\000a\000d\000y\000\040\000z\000a\000s\000t\000o\000s\000o\000w\000a\000n\000i\000a}{section.0.4}% 15
\BOOKMARK [3][-]{subsubsection.0.4.5.1}{\376\377\000A\000u\000t\000o\000m\000a\000t\000y\000k\000a\000\040\000d\000o\000m\000o\000w\000a}{subsection.0.4.5}% 16
\BOOKMARK [3][-]{subsubsection.0.4.5.2}{\376\377\000R\000o\000l\000n\000i\000c\000t\000w\000o\000\040\000p\000r\000e\000c\000y\000z\000y\000j\000n\000e}{subsection.0.4.5}% 17
\BOOKMARK [3][-]{subsubsection.0.4.5.3}{\376\377\000I\000n\000t\000e\000l\000i\000g\000e\000n\000t\000n\000e\000\040\000b\000u\000d\000y\000n\000k\000i}{subsection.0.4.5}% 18
\BOOKMARK [1][-]{section.0.5}{\376\377\000F\000a\000z\000a\000\040\000p\000r\000o\000j\000e\000k\000t\000o\000w\000a\000n\000i\000a}{}% 19
\BOOKMARK [2][-]{subsection.0.5.1}{\376\377\000W\000y\000m\000a\000g\000a\000n\000i\000a\000\040\000o\000g\000\363\000l\000n\000e}{section.0.5}% 20
\BOOKMARK [2][-]{subsection.0.5.2}{\376\377\000W\000y\000m\000a\000g\000a\000n\000i\000a\000\040\000j\000a\000k\000o\001\133\000c\000i\000o\000w\000e}{section.0.5}% 21
\BOOKMARK [3][-]{subsubsection.0.5.2.1}{\376\377\000E\000s\000t\000e\000t\000y\000k\000a}{subsection.0.5.2}% 22
\BOOKMARK [3][-]{subsubsection.0.5.2.2}{\376\377\000P\000r\000z\000e\000j\000r\000z\000y\000s\000t\000o\001\133\001\007}{subsection.0.5.2}% 23
\BOOKMARK [3][-]{subsubsection.0.5.2.3}{\376\377\000U\001\174\000y\000t\000e\000c\000z\000n\000o\001\133\001\007}{subsection.0.5.2}% 24
\BOOKMARK [2][-]{subsection.0.5.3}{\376\377\000W\000y\000m\000a\000g\000a\000n\000i\000a\000\040\000n\000i\000e\000f\000u\000n\000k\000c\000j\000o\000n\000a\000l\000n\000e}{section.0.5}% 25
\BOOKMARK [2][-]{subsection.0.5.4}{\376\377\000W\000y\000m\000a\000g\000a\000n\000i\000a\000\040\000f\000u\000n\000k\000c\000j\000o\000n\000a\000l\000n\000e}{section.0.5}% 26
\BOOKMARK [2][-]{subsection.0.5.5}{\376\377\000W\000y\000k\000o\000r\000z\000y\000s\000t\000a\000n\000e\000\040\000t\000e\000c\000h\000n\000o\000l\000o\000g\000i\000e}{section.0.5}% 27
\BOOKMARK [2][-]{subsection.0.5.6}{\376\377\000M\000e\000t\000o\000d\000y\000k\000a\000\040\000p\000r\000a\000c\000y}{section.0.5}% 28
\BOOKMARK [1][-]{section.0.6}{\376\377\000F\000a\000z\000a\000\040\000i\000m\000p\000l\000e\000m\000e\000n\000t\000a\000c\000j\000i}{}% 29
\BOOKMARK [2][-]{subsection.0.6.1}{\376\377\000A\000r\000c\000h\000i\000t\000e\000k\000t\000u\000r\000a\000\040\000a\000p\000l\000i\000k\000a\000c\000j\000i}{section.0.6}% 30
\BOOKMARK [2][-]{subsection.0.6.2}{\376\377\000Z\000a\000r\000z\001\005\000d\000z\000a\000n\000i\000e\000\040\000s\000t\000a\000n\000e\000m\000\040\000a\000p\000l\000i\000k\000a\000c\000j\000i}{section.0.6}% 31
\BOOKMARK [2][-]{subsection.0.6.3}{\376\377\000F\000o\000r\000e\000g\000r\000o\000u\000n\000d\000\040\000s\000e\000r\000v\000i\000c\000e}{section.0.6}% 32
\BOOKMARK [2][-]{subsection.0.6.4}{\376\377\000D\000a\000e\000m\000o\000n\000s}{section.0.6}% 33
\BOOKMARK [3][-]{subsubsection.0.6.4.1}{\376\377\000D\000a\000e\000m\000o\000n}{subsection.0.6.4}% 34
\BOOKMARK [3][-]{subsubsection.0.6.4.2}{\376\377\000D\000a\000e\000m\000o\000n\000i\000z\000e\000d}{subsection.0.6.4}% 35
\BOOKMARK [3][-]{subsubsection.0.6.4.3}{\376\377\000M\000q\000t\000t\000d}{subsection.0.6.4}% 36
\BOOKMARK [3][-]{subsubsection.0.6.4.4}{\376\377\000M\000q\000t\000t\000C\000o\000n\000f\000i\000g}{subsection.0.6.4}% 37
\BOOKMARK [3][-]{subsubsection.0.6.4.5}{\376\377\000M\000q\000t\000t\000D\000a\000e\000m\000o\000n\000i\000z\000e\000d\000C\000o\000n\000f\000i\000g}{subsection.0.6.4}% 38
\BOOKMARK [2][-]{subsection.0.6.5}{\376\377\000K\000l\000a\000s\000y}{section.0.6}% 39
\BOOKMARK [3][-]{subsubsection.0.6.5.1}{\376\377\000D\000a\000s\000h\000b\000o\000a\000r\000d}{subsection.0.6.5}% 40
\BOOKMARK [3][-]{subsubsection.0.6.5.2}{\376\377\000T\000i\000l\000e}{subsection.0.6.5}% 41
\BOOKMARK [3][-]{subsubsection.0.6.5.3}{\376\377\000S\000e\000t\000t\000i\000n\000g\000s}{subsection.0.6.5}% 42
\BOOKMARK [3][-]{subsubsection.0.6.5.4}{\376\377\000L\000o\000g}{subsection.0.6.5}% 43
\BOOKMARK [3][-]{subsubsection.0.6.5.5}{\376\377\000A\000p\000p}{subsection.0.6.5}% 44
\BOOKMARK [3][-]{subsubsection.0.6.5.6}{\376\377\000A\000p\000p\000S\000t\000a\000t\000e}{subsection.0.6.5}% 45
\BOOKMARK [3][-]{subsubsection.0.6.5.7}{\376\377\000T\000h\000e\000m\000e}{subsection.0.6.5}% 46
\BOOKMARK [2][-]{subsection.0.6.6}{\376\377\000O\000b\000i\000e\000k\000t\000y\000\040\000p\000o\000m\000o\000c\000n\000i\000c\000z\000e}{section.0.6}% 47
\BOOKMARK [3][-]{subsubsection.0.6.6.1}{\376\377\000D\000e\000b\000u\000g}{subsection.0.6.6}% 48
\BOOKMARK [3][-]{subsubsection.0.6.6.2}{\376\377\000D\000i\000a\000l\000o\000g\000B\000u\000i\000l\000d\000e\000r}{subsection.0.6.6}% 49
\BOOKMARK [3][-]{subsubsection.0.6.6.3}{\376\377\000P\000r\000o}{subsection.0.6.6}% 50
\BOOKMARK [3][-]{subsubsection.0.6.6.4}{\376\377\000I\000c\000o\000n\000s}{subsection.0.6.6}% 51
\BOOKMARK [3][-]{subsubsection.0.6.6.5}{\376\377\000S\000t\000o\000r\000a\000g\000e}{subsection.0.6.6}% 52
\BOOKMARK [3][-]{subsubsection.0.6.6.6}{\376\377\000S\000e\000t\000u\000p}{subsection.0.6.6}% 53
\BOOKMARK [2][-]{subsection.0.6.7}{\376\377\000M\000a\000n\000a\000g\000e\000r\000s}{section.0.6}% 54
\BOOKMARK [3][-]{subsubsection.0.6.7.1}{\376\377\000B\000i\000l\000l\000i\000n\000g\000M\000a\000n\000a\000g\000e\000r}{subsection.0.6.7}% 55
\BOOKMARK [3][-]{subsubsection.0.6.7.2}{\376\377\000F\000r\000a\000g\000m\000e\000n\000t\000M\000a\000n\000a\000g\000e\000r}{subsection.0.6.7}% 56
\BOOKMARK [3][-]{subsubsection.0.6.7.3}{\376\377\000S\000t\000a\000t\000u\000s\000M\000a\000n\000a\000g\000e\000r}{subsection.0.6.7}% 57
\BOOKMARK [3][-]{subsubsection.0.6.7.4}{\376\377\000D\000a\000e\000m\000o\000n\000s\000M\000a\000n\000a\000g\000e\000r}{subsection.0.6.7}% 58
\BOOKMARK [3][-]{subsubsection.0.6.7.5}{\376\377\000T\000o\000o\000l\000b\000a\000r\000M\000a\000n\000a\000g\000e\000r}{subsection.0.6.7}% 59
\BOOKMARK [2][-]{subsection.0.6.8}{\376\377\000I\000n\000t\000e\000r\000f\000e\000j\000s\000\040\000u\001\174\000y\000t\000k\000o\000w\000n\000i\000k\000a}{section.0.6}% 60
\BOOKMARK [3][-]{subsubsection.0.6.8.1}{\376\377\000X\000M\000L}{subsection.0.6.8}% 61
\BOOKMARK [3][-]{subsubsection.0.6.8.2}{\376\377\000F\000r\000a\000g\000m\000e\000n\000t\000y}{subsection.0.6.8}% 62
\BOOKMARK [3][-]{subsubsection.0.6.8.3}{\376\377\000R\000e\000c\000y\000c\000l\000e\000r\000V\000i\000e\000w}{subsection.0.6.8}% 63
\BOOKMARK [3][-]{subsubsection.0.6.8.4}{\376\377\000R\000e\000c\000y\000c\000l\000e\000r\000V\000i\000e\000w\000A\000d\000a\000p\000t\000e\000r}{subsection.0.6.8}% 64
\BOOKMARK [3][-]{subsubsection.0.6.8.5}{\376\377\000R\000e\000c\000y\000c\000l\000e\000r\000V\000i\000e\000w\000I\000t\000e\000m}{subsection.0.6.8}% 65
\BOOKMARK [3][-]{subsubsection.0.6.8.6}{\376\377\000I\000t\000e\000m\000T\000o\000u\000c\000h\000C\000a\000l\000l\000b\000a\000c\000k}{subsection.0.6.8}% 66
\BOOKMARK [3][-]{subsubsection.0.6.8.7}{\376\377\000W\000y\000k\000r\000y\000w\000a\000n\000i\000e\000\040\000g\000e\000s\000t\000\363\000w}{subsection.0.6.8}% 67
\BOOKMARK [1][-]{section.0.7}{\376\377\000F\000a\000z\000a\000\040\000t\000e\000s\000t\000\363\000w\000\040\000k\000o\001\104\000c\000o\000w\000y\000c\000h\000\040\000i\000\040\000p\000u\000b\000l\000i\000k\000a\000c\000j\000i}{}% 68
\BOOKMARK [2][-]{subsection.0.7.1}{\376\377\000T\000e\000s\000t\000y\000\040\000k\000o\001\104\000c\000o\000w\000e}{section.0.7}% 69
\BOOKMARK [3][-]{subsubsection.0.7.1.1}{\376\377\000T\000e\000s\000t\000y\000\040\000m\000a\000n\000u\000a\000l\000n\000e}{subsection.0.7.1}% 70
\BOOKMARK [3][-]{subsubsection.0.7.1.2}{\376\377\000T\000e\000s\000t\000y\000\040\000z\000\040\000r\000\363\001\174\000n\000y\000m\000i\000\040\000k\000o\000n\000f\000i\000g\000u\000r\000a\000c\000j\000a\000m\000i\000\040\000s\000e\000r\000w\000e\000r\000a\000\040\000M\000Q\000T\000T}{subsection.0.7.1}% 71
\BOOKMARK [2][-]{subsection.0.7.2}{\376\377\000P\000u\000b\000l\000i\000k\000a\000c\000j\000a\000\040\000n\000a\000\040\000p\000l\000a\000t\000f\000o\000r\000m\000i\000e\000\040\000G\000o\000o\000g\000l\000e\000\040\000P\000l\000a\000y}{section.0.7}% 72
\BOOKMARK [1][-]{section.0.8}{\376\377\000F\000a\000z\000a\000\040\000u\000t\000r\000z\000y\000m\000a\000n\000i\000a}{}% 73
\BOOKMARK [2][-]{subsection.0.8.1}{\376\377\000N\000a\000p\000o\000t\000k\000a\000n\000e\000\040\000t\000r\000u\000d\000n\000o\001\133\000c\000i}{section.0.8}% 74
\BOOKMARK [3][-]{subsubsection.0.8.1.1}{\376\377\000P\000r\000a\000c\000a\000\040\000w\000\040\000t\000l\000e}{subsection.0.8.1}% 75
\BOOKMARK [3][-]{subsubsection.0.8.1.2}{\376\377\000F\000o\000r\000e\000g\000r\000o\000u\000n\000d\000\040\000S\000e\000r\000v\000i\000c\000e}{subsection.0.8.1}% 76
\BOOKMARK [3][-]{subsubsection.0.8.1.3}{\376\377\000K\000l\000i\000e\000n\000t\000\040\000M\000Q\000T\000T}{subsection.0.8.1}% 77
\BOOKMARK [3][-]{subsubsection.0.8.1.4}{\376\377\000R\000z\000a\000d\000k\000i\000e\000\040\000b\001\102\001\031\000d\000y}{subsection.0.8.1}% 78
\BOOKMARK [3][-]{subsubsection.0.8.1.5}{\376\377\000S\000e\000r\000i\000a\000l\000i\000z\000a\000c\000j\000a}{subsection.0.8.1}% 79
\BOOKMARK [3][-]{subsubsection.0.8.1.6}{\376\377\000W\000e\000r\000y\000f\000i\000k\000a\000c\000j\000a\000\040\000k\000o\000n\000t\000a\000\040\000G\000o\000o\000g\000l\000e\000\040\000P\000l\000a\000y\000\040\000C\000o\000n\000s\000o\000l\000e}{subsection.0.8.1}% 80
\BOOKMARK [2][-]{subsection.0.8.2}{\376\377\000P\000l\000a\000n\000y\000\040\000u\000l\000e\000p\000s\000z\000e\000n\000i\000a}{section.0.8}% 81
\BOOKMARK [3][-]{subsubsection.0.8.2.1}{\376\377\000J\000e\000t\000p\000a\000c\000k\000\040\000C\000o\000m\000p\000o\000s\000e}{subsection.0.8.2}% 82
\BOOKMARK [3][-]{subsubsection.0.8.2.2}{\376\377\000P\000r\000o\000t\000o\000k\000o\001\102\000y}{subsection.0.8.2}% 83
\BOOKMARK [3][-]{subsubsection.0.8.2.3}{\376\377\000T\000e\000s\000t\000y\000\040\000a\000u\000t\000o\000m\000a\000t\000y\000c\000z\000n\000e}{subsection.0.8.2}% 84
\BOOKMARK [3][-]{subsubsection.0.8.2.4}{\376\377\000D\000o\000k\000u\000m\000e\000n\000t\000a\000c\000j\000a}{subsection.0.8.2}% 85
\BOOKMARK [3][-]{subsubsection.0.8.2.5}{\376\377\000W\000e\000r\000s\000j\000a\000\040\000n\000a\000\040\000s\000y\000s\000t\000e\000m\000\040\000i\000O\000S}{subsection.0.8.2}% 86
\BOOKMARK [1][-]{section.0.9}{\376\377\000P\000r\000e\000z\000e\000n\000t\000a\000c\000j\000a}{}% 87
\BOOKMARK [1][-]{section.0.10}{\376\377\000P\000o\000d\000s\000u\000m\000o\000w\000a\000n\000i\000e}{}% 88
\BOOKMARK [1][-]{section.0.11}{\376\377\000B\000i\000b\000l\000i\000o\000g\000r\000a\000f\000i\000a}{}% 89
\BOOKMARK [1][-]{section.0.12}{\376\377\000Z\000a\001\102\000a\000c\000z\000n\000i\000k\000i}{}% 90
